\BOOKMARK [1][-]{section.1}{Lex\350mes}{}
\BOOKMARK [1][-]{section.2}{Automates}{}
\BOOKMARK [1][-]{section.3}{Grammaire}{}
\BOOKMARK [2][-]{subsection.3.1}{Grammaire de base}{section.3}
\BOOKMARK [2][-]{subsection.3.2}{Suppression des symboles inutiles}{section.3}
\BOOKMARK [2][-]{subsection.3.3}{Gestion des priorit\351s et associativit\351}{section.3}
\BOOKMARK [2][-]{subsection.3.4}{left factoring}{section.3}
\BOOKMARK [2][-]{subsection.3.5}{Left recursion}{section.3}
\BOOKMARK [2][-]{subsection.3.6}{Suppresion des productions unitaires}{section.3}
\BOOKMARK [2][-]{subsection.3.7}{Grammaire finale}{section.3}
\BOOKMARK [1][-]{section.4}{Scanner}{}
\BOOKMARK [1][-]{section.5}{Parser}{}
\BOOKMARK [2][-]{subsection.5.1}{Table de parsing}{section.5}
\BOOKMARK [2][-]{subsection.5.2}{First and follow}{section.5}
\BOOKMARK [1][-]{section.6}{Poubelle}{}
\BOOKMARK [2][-]{subsection.6.1}{Grammaire compl\350te : bug}{section.6}
\BOOKMARK [2][-]{subsection.6.2}{Gestion des priorit\351s}{section.6}
\BOOKMARK [2][-]{subsection.6.3}{Suppression des symboles inutiles}{section.6}
\BOOKMARK [2][-]{subsection.6.4}{left-factoring}{section.6}
\BOOKMARK [2][-]{subsection.6.5}{r\351cursion gauche}{section.6}
\BOOKMARK [2][-]{subsection.6.6}{Grammaire finale}{section.6}
